0 info it worked if it ends with ok
1 verbose cli [ '/usr/bin/node', '/usr/bin/npm', 'install', 'cloudinary' ]
2 info using npm@3.5.2
3 info using node@v8.10.0
4 silly loadCurrentTree Starting
5 silly install loadCurrentTree
6 silly install readLocalPackageData
7 silly fetchPackageMetaData cloudinary
8 silly fetchNamedPackageData cloudinary
9 silly mapToRegistry name cloudinary
10 silly mapToRegistry using default registry
11 silly mapToRegistry registry https://registry.npmjs.org/
12 silly mapToRegistry uri https://registry.npmjs.org/cloudinary
13 verbose request uri https://registry.npmjs.org/cloudinary
14 verbose request no auth needed
15 info attempt registry request try #1 at 2:21:21 PM
16 verbose request id 98c8b213ad4f68d4
17 http request GET https://registry.npmjs.org/cloudinary
18 http 200 https://registry.npmjs.org/cloudinary
19 verbose headers { date: 'Wed, 12 Jun 2019 08:51:23 GMT',
19 verbose headers   'content-type': 'application/json',
19 verbose headers   'transfer-encoding': 'chunked',
19 verbose headers   connection: 'keep-alive',
19 verbose headers   'set-cookie':
19 verbose headers    [ '__cfduid=de88e5b835ae23e72a6e7c6ab87ad4a4e1560329482; expires=Thu, 11-Jun-20 08:51:22 GMT; path=/; domain=.npmjs.org; HttpOnly' ],
19 verbose headers   'cf-cache-status': 'REVALIDATED',
19 verbose headers   'cache-control': 'max-age=300',
19 verbose headers   'cf-ray': '4e5a951f9b312dcb-BOM',
19 verbose headers   etag: 'W/"8d68a2e3310f89713aba7cdd14f43a7e"',
19 verbose headers   'expect-ct': 'max-age=604800, report-uri="https://report-uri.cloudflare.com/cdn-cgi/beacon/expect-ct"',
19 verbose headers   'last-modified': 'Tue, 26 Mar 2019 16:48:26 GMT',
19 verbose headers   vary: 'accept-encoding, accept',
19 verbose headers   'x-amz-meta-rev': '103-88181a84c083b5191fe7d211e72330c8',
19 verbose headers   server: 'cloudflare',
19 verbose headers   'content-encoding': 'gzip' }
20 silly get cb [ 200,
20 silly get   { date: 'Wed, 12 Jun 2019 08:51:23 GMT',
20 silly get     'content-type': 'application/json',
20 silly get     'transfer-encoding': 'chunked',
20 silly get     connection: 'keep-alive',
20 silly get     'set-cookie':
20 silly get      [ '__cfduid=de88e5b835ae23e72a6e7c6ab87ad4a4e1560329482; expires=Thu, 11-Jun-20 08:51:22 GMT; path=/; domain=.npmjs.org; HttpOnly' ],
20 silly get     'cf-cache-status': 'REVALIDATED',
20 silly get     'cache-control': 'max-age=300',
20 silly get     'cf-ray': '4e5a951f9b312dcb-BOM',
20 silly get     etag: 'W/"8d68a2e3310f89713aba7cdd14f43a7e"',
20 silly get     'expect-ct': 'max-age=604800, report-uri="https://report-uri.cloudflare.com/cdn-cgi/beacon/expect-ct"',
20 silly get     'last-modified': 'Tue, 26 Mar 2019 16:48:26 GMT',
20 silly get     vary: 'accept-encoding, accept',
20 silly get     'x-amz-meta-rev': '103-88181a84c083b5191fe7d211e72330c8',
20 silly get     server: 'cloudflare',
20 silly get     'content-encoding': 'gzip' } ]
21 verbose get saving cloudinary to /home/utkarsh/.npm/registry.npmjs.org/cloudinary/.cache.json
22 silly install normalizeTree
23 silly loadCurrentTree Finishing
24 silly loadIdealTree Starting
25 silly install loadIdealTree
26 silly cloneCurrentTree Starting
27 silly install cloneCurrentTreeToIdealTree
28 silly cloneCurrentTree Finishing
29 silly loadShrinkwrap Starting
30 silly install loadShrinkwrap
31 silly loadShrinkwrap Finishing
32 silly loadAllDepsIntoIdealTree Starting
33 silly install loadAllDepsIntoIdealTree
34 silly resolveWithNewModule cloudinary@1.14.0 checking installable status
35 silly cache add args [ 'cloudinary', null ]
36 verbose cache add spec cloudinary
37 silly cache add parsed spec Result {
37 silly cache add   raw: 'cloudinary',
37 silly cache add   scope: null,
37 silly cache add   name: 'cloudinary',
37 silly cache add   rawSpec: '',
37 silly cache add   spec: 'latest',
37 silly cache add   type: 'tag' }
38 silly addNamed cloudinary@latest
39 verbose addNamed "latest" is being treated as a dist-tag for cloudinary
40 info addNameTag [ 'cloudinary', 'latest' ]
41 silly mapToRegistry name cloudinary
42 silly mapToRegistry using default registry
43 silly mapToRegistry registry https://registry.npmjs.org/
44 silly mapToRegistry uri https://registry.npmjs.org/cloudinary
45 verbose addNameTag registry:https://registry.npmjs.org/cloudinary not in flight; fetching
46 verbose get https://registry.npmjs.org/cloudinary not expired, no request
47 silly addNameTag next cb for cloudinary with tag latest
48 silly addNamed cloudinary@1.14.0
49 verbose addNamed "1.14.0" is a plain semver version for cloudinary
50 silly mapToRegistry name cloudinary
51 silly mapToRegistry using default registry
52 silly mapToRegistry registry https://registry.npmjs.org/
53 silly mapToRegistry uri https://registry.npmjs.org/cloudinary
54 verbose addRemoteTarball https://registry.npmjs.org/cloudinary/-/cloudinary-1.14.0.tgz not in flight; adding
55 verbose addRemoteTarball [ 'https://registry.npmjs.org/cloudinary/-/cloudinary-1.14.0.tgz',
55 verbose addRemoteTarball   '40f66d6b34169849ae98ca9e56bc99b2b26dd48f' ]
56 info retry fetch attempt 1 at 2:21:23 PM
57 info attempt registry request try #1 at 2:21:23 PM
58 http fetch GET https://registry.npmjs.org/cloudinary/-/cloudinary-1.14.0.tgz
59 http fetch 200 https://registry.npmjs.org/cloudinary/-/cloudinary-1.14.0.tgz
60 silly fetchAndShaCheck shasum 40f66d6b34169849ae98ca9e56bc99b2b26dd48f
61 verbose addTmpTarball /tmp/npm-9020-fb058975/registry.npmjs.org/cloudinary/-/cloudinary-1.14.0.tgz not in flight; adding
62 verbose addTmpTarball already have metadata; skipping unpack for cloudinary@1.14.0
63 silly cache afterAdd cloudinary@1.14.0
64 verbose afterAdd /home/utkarsh/.npm/cloudinary/1.14.0/package/package.json not in flight; writing
65 verbose afterAdd /home/utkarsh/.npm/cloudinary/1.14.0/package/package.json written
66 silly fetchNamedPackageData q
67 silly mapToRegistry name q
68 silly mapToRegistry using default registry
69 silly mapToRegistry registry https://registry.npmjs.org/
70 silly mapToRegistry uri https://registry.npmjs.org/q
71 verbose request uri https://registry.npmjs.org/q
72 verbose request no auth needed
73 info attempt registry request try #1 at 2:21:23 PM
74 verbose etag W/"8e6546acef4e2e22011f9038c4e08973"
75 verbose lastModified Fri, 03 Aug 2018 00:34:20 GMT
76 http request GET https://registry.npmjs.org/q
77 http 304 https://registry.npmjs.org/q
78 verbose headers { date: 'Wed, 12 Jun 2019 08:51:23 GMT',
78 verbose headers   connection: 'keep-alive',
78 verbose headers   'set-cookie':
78 verbose headers    [ '__cfduid=d1906029dc50773af7cc48ceb1f990a831560329483; expires=Thu, 11-Jun-20 08:51:23 GMT; path=/; domain=.npmjs.org; HttpOnly' ],
78 verbose headers   'cf-cache-status': 'HIT',
78 verbose headers   'cache-control': 'max-age=300',
78 verbose headers   'cf-ray': '4e5a95294ef12dcb-BOM',
78 verbose headers   etag: '"8e6546acef4e2e22011f9038c4e08973"',
78 verbose headers   'expect-ct': 'max-age=604800, report-uri="https://report-uri.cloudflare.com/cdn-cgi/beacon/expect-ct"',
78 verbose headers   'last-modified': 'Fri, 03 Aug 2018 00:34:20 GMT',
78 verbose headers   vary: 'accept-encoding, accept',
78 verbose headers   server: 'cloudflare' }
79 silly get cb [ 304,
79 silly get   { date: 'Wed, 12 Jun 2019 08:51:23 GMT',
79 silly get     connection: 'keep-alive',
79 silly get     'set-cookie':
79 silly get      [ '__cfduid=d1906029dc50773af7cc48ceb1f990a831560329483; expires=Thu, 11-Jun-20 08:51:23 GMT; path=/; domain=.npmjs.org; HttpOnly' ],
79 silly get     'cf-cache-status': 'HIT',
79 silly get     'cache-control': 'max-age=300',
79 silly get     'cf-ray': '4e5a95294ef12dcb-BOM',
79 silly get     etag: '"8e6546acef4e2e22011f9038c4e08973"',
79 silly get     'expect-ct': 'max-age=604800, report-uri="https://report-uri.cloudflare.com/cdn-cgi/beacon/expect-ct"',
79 silly get     'last-modified': 'Fri, 03 Aug 2018 00:34:20 GMT',
79 silly get     vary: 'accept-encoding, accept',
79 silly get     server: 'cloudflare' } ]
80 verbose etag https://registry.npmjs.org/q from cache
81 verbose get saving q to /home/utkarsh/.npm/registry.npmjs.org/q/.cache.json
82 silly resolveWithNewModule q@1.5.1 checking installable status
83 silly cache add args [ 'q@^1.5.1', null ]
84 verbose cache add spec q@^1.5.1
85 silly cache add parsed spec Result {
85 silly cache add   raw: 'q@^1.5.1',
85 silly cache add   scope: null,
85 silly cache add   name: 'q',
85 silly cache add   rawSpec: '^1.5.1',
85 silly cache add   spec: '>=1.5.1 <2.0.0',
85 silly cache add   type: 'range' }
86 silly addNamed q@>=1.5.1 <2.0.0
87 verbose addNamed ">=1.5.1 <2.0.0" is a valid semver range for q
88 silly addNameRange { name: 'q', range: '>=1.5.1 <2.0.0', hasData: false }
89 silly mapToRegistry name q
90 silly mapToRegistry using default registry
91 silly mapToRegistry registry https://registry.npmjs.org/
92 silly mapToRegistry uri https://registry.npmjs.org/q
93 verbose addNameRange registry:https://registry.npmjs.org/q not in flight; fetching
94 verbose get https://registry.npmjs.org/q not expired, no request
95 silly addNameRange number 2 { name: 'q', range: '>=1.5.1 <2.0.0', hasData: true }
96 silly addNameRange versions [ 'q',
96 silly addNameRange   [ '0.0.0',
96 silly addNameRange     '0.0.1',
96 silly addNameRange     '0.0.2',
96 silly addNameRange     '0.0.3',
96 silly addNameRange     '0.1.0',
96 silly addNameRange     '0.1.1',
96 silly addNameRange     '0.1.2',
96 silly addNameRange     '0.1.3',
96 silly addNameRange     '0.1.4',
96 silly addNameRange     '0.1.5',
96 silly addNameRange     '0.1.6',
96 silly addNameRange     '0.1.7',
96 silly addNameRange     '0.1.8',
96 silly addNameRange     '0.1.9',
96 silly addNameRange     '0.2.0-rc1',
96 silly addNameRange     '0.2.0',
96 silly addNameRange     '0.2.1',
96 silly addNameRange     '0.2.2',
96 silly addNameRange     '0.2.3',
96 silly addNameRange     '0.2.4',
96 silly addNameRange     '0.2.5',
96 silly addNameRange     '0.2.6',
96 silly addNameRange     '0.2.7',
96 silly addNameRange     '0.2.8',
96 silly addNameRange     '0.2.9',
96 silly addNameRange     '0.3.0',
96 silly addNameRange     '0.2.10',
96 silly addNameRange     '0.4.0',
96 silly addNameRange     '0.4.1',
96 silly addNameRange     '0.4.2',
96 silly addNameRange     '0.4.4',
96 silly addNameRange     '0.5.0',
96 silly addNameRange     '0.5.1',
96 silly addNameRange     '0.5.2',
96 silly addNameRange     '0.5.3',
96 silly addNameRange     '0.6.0',
96 silly addNameRange     '0.7.0',
96 silly addNameRange     '0.7.1',
96 silly addNameRange     '0.7.2',
96 silly addNameRange     '0.8.0',
96 silly addNameRange     '0.8.1',
96 silly addNameRange     '0.8.2',
96 silly addNameRange     '0.8.3',
96 silly addNameRange     '0.8.4',
96 silly addNameRange     '0.8.5',
96 silly addNameRange     '0.8.6',
96 silly addNameRange     '0.8.7',
96 silly addNameRange     '0.8.8',
96 silly addNameRange     '0.8.9',
96 silly addNameRange     '0.8.10',
96 silly addNameRange     '0.8.11',
96 silly addNameRange     '0.8.12',
96 silly addNameRange     '0.9.0',
96 silly addNameRange     '0.9.1',
96 silly addNameRange     '0.9.2',
96 silly addNameRange     '0.9.3',
96 silly addNameRange     '0.9.4',
96 silly addNameRange     '0.9.5',
96 silly addNameRange     '0.9.6',
96 silly addNameRange     '0.9.7',
96 silly addNameRange     '1.0.0',
96 silly addNameRange     '1.0.1',
96 silly addNameRange     '2.0.0',
96 silly addNameRange     '2.0.1',
96 silly addNameRange     '2.0.2',
96 silly addNameRange     '1.1.0',
96 silly addNameRange     '1.1.1',
96 silly addNameRange     '1.1.2',
96 silly addNameRange     '2.0.3',
96 silly addNameRange     '1.2.0',
96 silly addNameRange     '1.2.1',
96 silly addNameRange     '1.3.0',
96 silly addNameRange     '1.4.0',
96 silly addNameRange     '1.4.1',
96 silly addNameRange     '1.5.0',
96 silly addNameRange     '1.5.1' ] ]
97 silly addNamed q@1.5.1
98 verbose addNamed "1.5.1" is a plain semver version for q
99 silly cache afterAdd q@1.5.1
100 verbose afterAdd /home/utkarsh/.npm/q/1.5.1/package/package.json not in flight; writing
101 verbose afterAdd /home/utkarsh/.npm/q/1.5.1/package/package.json written
102 silly fetchNamedPackageData fsevents
103 silly mapToRegistry name fsevents
104 silly mapToRegistry using default registry
105 silly mapToRegistry registry https://registry.npmjs.org/
106 silly mapToRegistry uri https://registry.npmjs.org/fsevents
107 verbose request uri https://registry.npmjs.org/fsevents
108 verbose request no auth needed
109 info attempt registry request try #1 at 2:21:23 PM
110 verbose etag W/"ec8d4eb97c775f79ec6d0bc1c3ba6d4f"
111 verbose lastModified Thu, 16 May 2019 13:28:59 GMT
112 http request GET https://registry.npmjs.org/fsevents
113 http 304 https://registry.npmjs.org/fsevents
114 verbose headers { date: 'Wed, 12 Jun 2019 08:51:24 GMT',
114 verbose headers   connection: 'keep-alive',
114 verbose headers   'set-cookie':
114 verbose headers    [ '__cfduid=d45800a530186894ffc455a48899f92861560329484; expires=Thu, 11-Jun-20 08:51:24 GMT; path=/; domain=.npmjs.org; HttpOnly' ],
114 verbose headers   'cf-cache-status': 'HIT',
114 verbose headers   'cache-control': 'max-age=300',
114 verbose headers   'cf-ray': '4e5a952b0f922dcb-BOM',
114 verbose headers   etag: '"ec8d4eb97c775f79ec6d0bc1c3ba6d4f"',
114 verbose headers   'expect-ct': 'max-age=604800, report-uri="https://report-uri.cloudflare.com/cdn-cgi/beacon/expect-ct"',
114 verbose headers   'last-modified': 'Thu, 16 May 2019 13:28:59 GMT',
114 verbose headers   vary: 'accept-encoding, accept',
114 verbose headers   'x-amz-meta-rev': '163-88b33b9d24ebf2da96a4e2240471bf23',
114 verbose headers   server: 'cloudflare' }
115 silly get cb [ 304,
115 silly get   { date: 'Wed, 12 Jun 2019 08:51:24 GMT',
115 silly get     connection: 'keep-alive',
115 silly get     'set-cookie':
115 silly get      [ '__cfduid=d45800a530186894ffc455a48899f92861560329484; expires=Thu, 11-Jun-20 08:51:24 GMT; path=/; domain=.npmjs.org; HttpOnly' ],
115 silly get     'cf-cache-status': 'HIT',
115 silly get     'cache-control': 'max-age=300',
115 silly get     'cf-ray': '4e5a952b0f922dcb-BOM',
115 silly get     etag: '"ec8d4eb97c775f79ec6d0bc1c3ba6d4f"',
115 silly get     'expect-ct': 'max-age=604800, report-uri="https://report-uri.cloudflare.com/cdn-cgi/beacon/expect-ct"',
115 silly get     'last-modified': 'Thu, 16 May 2019 13:28:59 GMT',
115 silly get     vary: 'accept-encoding, accept',
115 silly get     'x-amz-meta-rev': '163-88b33b9d24ebf2da96a4e2240471bf23',
115 silly get     server: 'cloudflare' } ]
116 verbose etag https://registry.npmjs.org/fsevents from cache
117 verbose get saving fsevents to /home/utkarsh/.npm/registry.npmjs.org/fsevents/.cache.json
118 silly resolveWithNewModule fsevents@1.2.9 checking installable status
119 silly loadAllDepsIntoIdealTree Finishing
120 silly idealTree:prePrune car@1.0.0
120 silly idealTree:prePrune +-- abbrev@1.1.1
120 silly idealTree:prePrune +-- accepts@1.3.7
120 silly idealTree:prePrune +-- after@0.8.2
120 silly idealTree:prePrune +-- ansi-align@2.0.0
120 silly idealTree:prePrune +-- ansi-regex@3.0.0
120 silly idealTree:prePrune +-- ansi-styles@3.2.1
120 silly idealTree:prePrune +-- anymatch@2.0.0
120 silly idealTree:prePrune | `-- normalize-path@2.1.1
120 silly idealTree:prePrune +-- append-field@1.0.0
120 silly idealTree:prePrune +-- arr-diff@4.0.0
120 silly idealTree:prePrune +-- arr-flatten@1.1.0
120 silly idealTree:prePrune +-- arr-union@3.1.0
120 silly idealTree:prePrune +-- array-flatten@1.1.1
120 silly idealTree:prePrune +-- array-unique@0.3.2
120 silly idealTree:prePrune +-- arraybuffer.slice@0.0.7
120 silly idealTree:prePrune +-- assign-symbols@1.0.0
120 silly idealTree:prePrune +-- async-each@1.0.3
120 silly idealTree:prePrune +-- async-limiter@1.0.0
120 silly idealTree:prePrune +-- async@2.6.2
120 silly idealTree:prePrune +-- atob@2.1.2
120 silly idealTree:prePrune +-- backo2@1.0.2
120 silly idealTree:prePrune +-- balanced-match@1.0.0
120 silly idealTree:prePrune +-- base@0.11.2
120 silly idealTree:prePrune | +-- define-property@1.0.0
120 silly idealTree:prePrune | +-- is-accessor-descriptor@1.0.0
120 silly idealTree:prePrune | +-- is-data-descriptor@1.0.0
120 silly idealTree:prePrune | `-- is-descriptor@1.0.2
120 silly idealTree:prePrune +-- base64-arraybuffer@0.1.5
120 silly idealTree:prePrune +-- base64id@1.0.0
120 silly idealTree:prePrune +-- basic-auth@2.0.1
120 silly idealTree:prePrune +-- better-assert@1.0.2
120 silly idealTree:prePrune +-- binary-extensions@1.13.1
120 silly idealTree:prePrune +-- blob@0.0.5
120 silly idealTree:prePrune +-- bluebird@3.5.5
120 silly idealTree:prePrune +-- body-parser@1.19.0
120 silly idealTree:prePrune +-- boxen@1.3.0
120 silly idealTree:prePrune +-- brace-expansion@1.1.11
120 silly idealTree:prePrune +-- braces@2.3.2
120 silly idealTree:prePrune | `-- extend-shallow@2.0.1
120 silly idealTree:prePrune +-- bson@1.1.1
120 silly idealTree:prePrune +-- buffer-from@1.1.1
120 silly idealTree:prePrune +-- busboy@0.2.14
120 silly idealTree:prePrune | +-- isarray@0.0.1
120 silly idealTree:prePrune | +-- readable-stream@1.1.14
120 silly idealTree:prePrune | `-- string_decoder@0.10.31
120 silly idealTree:prePrune +-- bytes@3.1.0
120 silly idealTree:prePrune +-- cache-base@1.0.1
120 silly idealTree:prePrune +-- callsite@1.0.0
120 silly idealTree:prePrune +-- camelcase@4.1.0
120 silly idealTree:prePrune +-- capture-stack-trace@1.0.1
120 silly idealTree:prePrune +-- chalk@2.4.2
120 silly idealTree:prePrune +-- chokidar@2.1.6
120 silly idealTree:prePrune +-- ci-info@1.6.0
120 silly idealTree:prePrune +-- class-utils@0.3.6
120 silly idealTree:prePrune | `-- define-property@0.2.5
120 silly idealTree:prePrune +-- cli-boxes@1.0.0
120 silly idealTree:prePrune +-- cloudinary@1.14.0
120 silly idealTree:prePrune +-- collection-visit@1.0.0
120 silly idealTree:prePrune +-- color-convert@1.9.3
120 silly idealTree:prePrune +-- color-name@1.1.3
120 silly idealTree:prePrune +-- component-bind@1.0.0
120 silly idealTree:prePrune +-- component-emitter@1.3.0
120 silly idealTree:prePrune +-- component-inherit@0.0.3
120 silly idealTree:prePrune +-- concat-map@0.0.1
120 silly idealTree:prePrune +-- concat-stream@1.6.2
120 silly idealTree:prePrune +-- configstore@3.1.2
120 silly idealTree:prePrune +-- content-disposition@0.5.3
120 silly idealTree:prePrune +-- content-type@1.0.4
120 silly idealTree:prePrune +-- cookie-signature@1.0.6
120 silly idealTree:prePrune +-- cookie@0.4.0
120 silly idealTree:prePrune +-- copy-descriptor@0.1.1
120 silly idealTree:prePrune +-- core-util-is@1.0.2
120 silly idealTree:prePrune +-- create-error-class@3.0.2
120 silly idealTree:prePrune +-- cross-spawn@5.1.0
120 silly idealTree:prePrune +-- crypto-random-string@1.0.0
120 silly idealTree:prePrune +-- debug@2.6.9
120 silly idealTree:prePrune +-- decode-uri-component@0.2.0
120 silly idealTree:prePrune +-- deep-extend@0.6.0
120 silly idealTree:prePrune +-- define-property@2.0.2
120 silly idealTree:prePrune | +-- is-accessor-descriptor@1.0.0
120 silly idealTree:prePrune | +-- is-data-descriptor@1.0.0
120 silly idealTree:prePrune | `-- is-descriptor@1.0.2
120 silly idealTree:prePrune +-- depd@1.1.2
120 silly idealTree:prePrune +-- destroy@1.0.4
120 silly idealTree:prePrune +-- dicer@0.2.5
120 silly idealTree:prePrune | +-- isarray@0.0.1
120 silly idealTree:prePrune | +-- readable-stream@1.1.14
120 silly idealTree:prePrune | `-- string_decoder@0.10.31
120 silly idealTree:prePrune +-- dot-prop@4.2.0
120 silly idealTree:prePrune +-- duplexer3@0.1.4
120 silly idealTree:prePrune +-- ee-first@1.1.1
120 silly idealTree:prePrune +-- encodeurl@1.0.2
120 silly idealTree:prePrune +-- engine.io-client@3.3.2
120 silly idealTree:prePrune | +-- component-emitter@1.2.1
120 silly idealTree:prePrune | `-- debug@3.1.0
120 silly idealTree:prePrune +-- engine.io-parser@2.1.3
120 silly idealTree:prePrune +-- engine.io@3.3.2
120 silly idealTree:prePrune | +-- cookie@0.3.1
120 silly idealTree:prePrune | `-- debug@3.1.0
120 silly idealTree:prePrune +-- escape-html@1.0.3
120 silly idealTree:prePrune +-- escape-string-regexp@1.0.5
120 silly idealTree:prePrune +-- etag@1.8.1
120 silly idealTree:prePrune +-- execa@0.7.0
120 silly idealTree:prePrune +-- expand-brackets@2.1.4
120 silly idealTree:prePrune | +-- define-property@0.2.5
120 silly idealTree:prePrune | `-- extend-shallow@2.0.1
120 silly idealTree:prePrune +-- express@4.17.1
120 silly idealTree:prePrune +-- extend-shallow@3.0.2
120 silly idealTree:prePrune | `-- is-extendable@1.0.1
120 silly idealTree:prePrune +-- extglob@2.0.4
120 silly idealTree:prePrune | +-- define-property@1.0.0
120 silly idealTree:prePrune | +-- extend-shallow@2.0.1
120 silly idealTree:prePrune | +-- is-accessor-descriptor@1.0.0
120 silly idealTree:prePrune | +-- is-data-descriptor@1.0.0
120 silly idealTree:prePrune | `-- is-descriptor@1.0.2
120 silly idealTree:prePrune +-- fill-range@4.0.0
120 silly idealTree:prePrune | `-- extend-shallow@2.0.1
120 silly idealTree:prePrune +-- finalhandler@1.1.2
120 silly idealTree:prePrune +-- for-in@1.0.2
120 silly idealTree:prePrune +-- forwarded@0.1.2
120 silly idealTree:prePrune +-- fragment-cache@0.2.1
120 silly idealTree:prePrune +-- fresh@0.5.2
120 silly idealTree:prePrune +-- get-stream@3.0.0
120 silly idealTree:prePrune +-- get-value@2.0.6
120 silly idealTree:prePrune +-- glob-parent@3.1.0
120 silly idealTree:prePrune | `-- is-glob@3.1.0
120 silly idealTree:prePrune +-- global-dirs@0.1.1
120 silly idealTree:prePrune +-- got@6.7.1
120 silly idealTree:prePrune +-- graceful-fs@4.1.15
120 silly idealTree:prePrune +-- has-binary2@1.0.3
120 silly idealTree:prePrune | `-- isarray@2.0.1
120 silly idealTree:prePrune +-- has-cors@1.1.0
120 silly idealTree:prePrune +-- has-flag@3.0.0
120 silly idealTree:prePrune +-- has-value@1.0.0
120 silly idealTree:prePrune +-- has-values@1.0.0
120 silly idealTree:prePrune | `-- kind-of@4.0.0
120 silly idealTree:prePrune +-- http-errors@1.7.2
120 silly idealTree:prePrune +-- iconv-lite@0.4.24
120 silly idealTree:prePrune +-- ignore-by-default@1.0.1
120 silly idealTree:prePrune +-- import-lazy@2.1.0
120 silly idealTree:prePrune +-- imurmurhash@0.1.4
120 silly idealTree:prePrune +-- indexof@0.0.1
120 silly idealTree:prePrune +-- inherits@2.0.3
120 silly idealTree:prePrune +-- ini@1.3.5
120 silly idealTree:prePrune +-- ipaddr.js@1.9.0
120 silly idealTree:prePrune +-- is-accessor-descriptor@0.1.6
120 silly idealTree:prePrune | `-- kind-of@3.2.2
120 silly idealTree:prePrune +-- is-binary-path@1.0.1
120 silly idealTree:prePrune +-- is-buffer@1.1.6
120 silly idealTree:prePrune +-- is-ci@1.2.1
120 silly idealTree:prePrune +-- is-data-descriptor@0.1.4
120 silly idealTree:prePrune | `-- kind-of@3.2.2
120 silly idealTree:prePrune +-- is-descriptor@0.1.6
120 silly idealTree:prePrune | `-- kind-of@5.1.0
120 silly idealTree:prePrune +-- is-extendable@0.1.1
120 silly idealTree:prePrune +-- is-extglob@2.1.1
120 silly idealTree:prePrune +-- is-fullwidth-code-point@2.0.0
120 silly idealTree:prePrune +-- is-glob@4.0.1
120 silly idealTree:prePrune +-- is-installed-globally@0.1.0
120 silly idealTree:prePrune +-- is-npm@1.0.0
120 silly idealTree:prePrune +-- is-number@3.0.0
120 silly idealTree:prePrune | `-- kind-of@3.2.2
120 silly idealTree:prePrune +-- is-obj@1.0.1
120 silly idealTree:prePrune +-- is-path-inside@1.0.1
120 silly idealTree:prePrune +-- is-plain-object@2.0.4
120 silly idealTree:prePrune +-- is-redirect@1.0.0
120 silly idealTree:prePrune +-- is-retry-allowed@1.1.0
120 silly idealTree:prePrune +-- is-stream@1.1.0
120 silly idealTree:prePrune +-- is-windows@1.0.2
120 silly idealTree:prePrune +-- isarray@1.0.0
120 silly idealTree:prePrune +-- isexe@2.0.0
120 silly idealTree:prePrune +-- isobject@3.0.1
120 silly idealTree:prePrune +-- kareem@2.3.0
120 silly idealTree:prePrune +-- kind-of@6.0.2
120 silly idealTree:prePrune +-- latest-version@3.1.0
120 silly idealTree:prePrune +-- lodash@4.17.11
120 silly idealTree:prePrune +-- lowercase-keys@1.0.1
120 silly idealTree:prePrune +-- lru-cache@4.1.5
120 silly idealTree:prePrune +-- make-dir@1.3.0
120 silly idealTree:prePrune +-- map-cache@0.2.2
120 silly idealTree:prePrune +-- map-visit@1.0.0
120 silly idealTree:prePrune +-- media-typer@0.3.0
120 silly idealTree:prePrune +-- memory-pager@1.5.0
120 silly idealTree:prePrune +-- merge-descriptors@1.0.1
120 silly idealTree:prePrune +-- methods@1.1.2
120 silly idealTree:prePrune +-- micromatch@3.1.10
120 silly idealTree:prePrune +-- mime-db@1.40.0
120 silly idealTree:prePrune +-- mime-types@2.1.24
120 silly idealTree:prePrune +-- mime@1.6.0
120 silly idealTree:prePrune +-- minimatch@3.0.4
120 silly idealTree:prePrune +-- minimist@1.2.0
120 silly idealTree:prePrune +-- mixin-deep@1.3.1
120 silly idealTree:prePrune | `-- is-extendable@1.0.1
120 silly idealTree:prePrune +-- mkdirp@0.5.1
120 silly idealTree:prePrune | `-- minimist@0.0.8
120 silly idealTree:prePrune +-- mongodb-core@3.2.7
120 silly idealTree:prePrune +-- mongodb@3.2.7
120 silly idealTree:prePrune +-- mongoose-legacy-pluralize@1.0.2
120 silly idealTree:prePrune +-- mongoose@5.5.14
120 silly idealTree:prePrune | `-- ms@2.1.2
120 silly idealTree:prePrune +-- morgan@1.9.1
120 silly idealTree:prePrune +-- mpath@0.6.0
120 silly idealTree:prePrune +-- mquery@3.2.1
120 silly idealTree:prePrune | +-- bluebird@3.5.1
120 silly idealTree:prePrune | `-- debug@3.1.0
120 silly idealTree:prePrune +-- ms@2.0.0
120 silly idealTree:prePrune +-- multer@1.4.1
120 silly idealTree:prePrune +-- nanomatch@1.2.13
120 silly idealTree:prePrune +-- negotiator@0.6.2
120 silly idealTree:prePrune +-- nodemon@1.19.1
120 silly idealTree:prePrune | +-- debug@3.2.6
120 silly idealTree:prePrune | `-- ms@2.1.2
120 silly idealTree:prePrune +-- nopt@1.0.10
120 silly idealTree:prePrune +-- normalize-path@3.0.0
120 silly idealTree:prePrune +-- npm-run-path@2.0.2
120 silly idealTree:prePrune +-- object-assign@4.1.1
120 silly idealTree:prePrune +-- object-component@0.0.3
120 silly idealTree:prePrune +-- object-copy@0.1.0
120 silly idealTree:prePrune | +-- define-property@0.2.5
120 silly idealTree:prePrune | `-- kind-of@3.2.2
120 silly idealTree:prePrune +-- object-visit@1.0.1
120 silly idealTree:prePrune +-- object.pick@1.3.0
120 silly idealTree:prePrune +-- on-finished@2.3.0
120 silly idealTree:prePrune +-- on-headers@1.0.2
120 silly idealTree:prePrune +-- p-finally@1.0.0
120 silly idealTree:prePrune +-- package-json@4.0.1
120 silly idealTree:prePrune +-- parseqs@0.0.5
120 silly idealTree:prePrune +-- parseuri@0.0.5
120 silly idealTree:prePrune +-- parseurl@1.3.3
120 silly idealTree:prePrune +-- pascalcase@0.1.1
120 silly idealTree:prePrune +-- path-dirname@1.0.2
120 silly idealTree:prePrune +-- path-is-absolute@1.0.1
120 silly idealTree:prePrune +-- path-is-inside@1.0.2
120 silly idealTree:prePrune +-- path-key@2.0.1
120 silly idealTree:prePrune +-- path-to-regexp@0.1.7
120 silly idealTree:prePrune +-- pify@3.0.0
120 silly idealTree:prePrune +-- posix-character-classes@0.1.1
120 silly idealTree:prePrune +-- prepend-http@1.0.4
120 silly idealTree:prePrune +-- process-nextick-args@2.0.0
120 silly idealTree:prePrune +-- proxy-addr@2.0.5
120 silly idealTree:prePrune +-- pseudomap@1.0.2
120 silly idealTree:prePrune +-- pstree.remy@1.1.7
120 silly idealTree:prePrune +-- q@1.5.1
120 silly idealTree:prePrune +-- qs@6.7.0
120 silly idealTree:prePrune +-- range-parser@1.2.1
120 silly idealTree:prePrune +-- raw-body@2.4.0
120 silly idealTree:prePrune +-- rc@1.2.8
120 silly idealTree:prePrune +-- readable-stream@2.3.6
120 silly idealTree:prePrune +-- readdirp@2.2.1
120 silly idealTree:prePrune +-- regex-not@1.0.2
120 silly idealTree:prePrune +-- regexp-clone@1.0.0
120 silly idealTree:prePrune +-- registry-auth-token@3.4.0
120 silly idealTree:prePrune +-- registry-url@3.1.0
120 silly idealTree:prePrune +-- remove-trailing-separator@1.1.0
120 silly idealTree:prePrune +-- repeat-element@1.1.3
120 silly idealTree:prePrune +-- repeat-string@1.6.1
120 silly idealTree:prePrune +-- require_optional@1.0.1
120 silly idealTree:prePrune +-- resolve-from@2.0.0
120 silly idealTree:prePrune +-- resolve-url@0.2.1
120 silly idealTree:prePrune +-- ret@0.1.15
120 silly idealTree:prePrune +-- safe-buffer@5.1.2
120 silly idealTree:prePrune +-- safe-regex@1.1.0
120 silly idealTree:prePrune +-- safer-buffer@2.1.2
120 silly idealTree:prePrune +-- saslprep@1.0.3
120 silly idealTree:prePrune +-- semver-diff@2.1.0
120 silly idealTree:prePrune +-- semver@5.7.0
120 silly idealTree:prePrune +-- send@0.17.1
120 silly idealTree:prePrune | `-- ms@2.1.1
120 silly idealTree:prePrune +-- serve-static@1.14.1
120 silly idealTree:prePrune +-- set-value@2.0.0
120 silly idealTree:prePrune | `-- extend-shallow@2.0.1
120 silly idealTree:prePrune +-- setprototypeof@1.1.1
120 silly idealTree:prePrune +-- shebang-command@1.2.0
120 silly idealTree:prePrune +-- shebang-regex@1.0.0
120 silly idealTree:prePrune +-- sift@7.0.1
120 silly idealTree:prePrune +-- signal-exit@3.0.2
120 silly idealTree:prePrune +-- sliced@1.0.1
120 silly idealTree:prePrune +-- snapdragon-node@2.1.1
120 silly idealTree:prePrune | +-- define-property@1.0.0
120 silly idealTree:prePrune | +-- is-accessor-descriptor@1.0.0
120 silly idealTree:prePrune | +-- is-data-descriptor@1.0.0
120 silly idealTree:prePrune | `-- is-descriptor@1.0.2
120 silly idealTree:prePrune +-- snapdragon-util@3.0.1
120 silly idealTree:prePrune | `-- kind-of@3.2.2
120 silly idealTree:prePrune +-- snapdragon@0.8.2
120 silly idealTree:prePrune | +-- define-property@0.2.5
120 silly idealTree:prePrune | `-- extend-shallow@2.0.1
120 silly idealTree:prePrune +-- socket.io-adapter@1.1.1
120 silly idealTree:prePrune +-- socket.io-client@2.2.0
120 silly idealTree:prePrune | +-- component-emitter@1.2.1
120 silly idealTree:prePrune | `-- debug@3.1.0
120 silly idealTree:prePrune +-- socket.io-parser@3.3.0
120 silly idealTree:prePrune | +-- component-emitter@1.2.1
120 silly idealTree:prePrune | +-- debug@3.1.0
120 silly idealTree:prePrune | `-- isarray@2.0.1
120 silly idealTree:prePrune +-- socket.io@2.2.0
120 silly idealTree:prePrune | +-- debug@4.1.1
120 silly idealTree:prePrune | `-- ms@2.1.2
120 silly idealTree:prePrune +-- source-map-resolve@0.5.2
120 silly idealTree:prePrune +-- source-map-url@0.4.0
120 silly idealTree:prePrune +-- source-map@0.5.7
120 silly idealTree:prePrune +-- sparse-bitfield@3.0.3
120 silly idealTree:prePrune +-- split-string@3.1.0
120 silly idealTree:prePrune +-- static-extend@0.1.2
120 silly idealTree:prePrune | `-- define-property@0.2.5
120 silly idealTree:prePrune +-- statuses@1.5.0
120 silly idealTree:prePrune +-- streamsearch@0.1.2
120 silly idealTree:prePrune +-- string_decoder@1.1.1
120 silly idealTree:prePrune +-- string-width@2.1.1
120 silly idealTree:prePrune +-- strip-ansi@4.0.0
120 silly idealTree:prePrune +-- strip-eof@1.0.0
120 silly idealTree:prePrune +-- strip-json-comments@2.0.1
120 silly idealTree:prePrune +-- supports-color@5.5.0
120 silly idealTree:prePrune +-- term-size@1.2.0
120 silly idealTree:prePrune +-- timed-out@4.0.1
120 silly idealTree:prePrune +-- to-array@0.1.4
120 silly idealTree:prePrune +-- to-object-path@0.3.0
120 silly idealTree:prePrune | `-- kind-of@3.2.2
120 silly idealTree:prePrune +-- to-regex-range@2.1.1
120 silly idealTree:prePrune +-- to-regex@3.0.2
120 silly idealTree:prePrune +-- toidentifier@1.0.0
120 silly idealTree:prePrune +-- touch@3.1.0
120 silly idealTree:prePrune +-- type-is@1.6.18
120 silly idealTree:prePrune +-- typedarray@0.0.6
120 silly idealTree:prePrune +-- undefsafe@2.0.2
120 silly idealTree:prePrune +-- union-value@1.0.0
120 silly idealTree:prePrune | +-- extend-shallow@2.0.1
120 silly idealTree:prePrune | `-- set-value@0.4.3
120 silly idealTree:prePrune +-- unique-string@1.0.0
120 silly idealTree:prePrune +-- unpipe@1.0.0
120 silly idealTree:prePrune +-- unset-value@1.0.0
120 silly idealTree:prePrune | +-- has-value@0.3.1
120 silly idealTree:prePrune | | `-- isobject@2.1.0
120 silly idealTree:prePrune | `-- has-values@0.1.4
120 silly idealTree:prePrune +-- unzip-response@2.0.1
120 silly idealTree:prePrune +-- upath@1.1.2
120 silly idealTree:prePrune +-- update-notifier@2.5.0
120 silly idealTree:prePrune +-- urix@0.1.0
120 silly idealTree:prePrune +-- url-parse-lax@1.0.0
120 silly idealTree:prePrune +-- use@3.1.1
120 silly idealTree:prePrune +-- util-deprecate@1.0.2
120 silly idealTree:prePrune +-- utils-merge@1.0.1
120 silly idealTree:prePrune +-- vary@1.1.2
120 silly idealTree:prePrune +-- which@1.3.1
120 silly idealTree:prePrune +-- widest-line@2.0.1
120 silly idealTree:prePrune +-- write-file-atomic@2.4.3
120 silly idealTree:prePrune +-- ws@6.1.4
120 silly idealTree:prePrune +-- xdg-basedir@3.0.0
120 silly idealTree:prePrune +-- xmlhttprequest-ssl@1.5.5
120 silly idealTree:prePrune +-- xtend@4.0.1
120 silly idealTree:prePrune +-- yallist@2.1.2
120 silly idealTree:prePrune `-- yeast@0.1.2
121 silly loadIdealTree Finishing
122 silly currentTree car@1.0.0
122 silly currentTree +-- abbrev@1.1.1
122 silly currentTree +-- accepts@1.3.7
122 silly currentTree +-- after@0.8.2
122 silly currentTree +-- ansi-align@2.0.0
122 silly currentTree +-- ansi-regex@3.0.0
122 silly currentTree +-- ansi-styles@3.2.1
122 silly currentTree +-- anymatch@2.0.0
122 silly currentTree | `-- normalize-path@2.1.1
122 silly currentTree +-- append-field@1.0.0
122 silly currentTree +-- arr-diff@4.0.0
122 silly currentTree +-- arr-flatten@1.1.0
122 silly currentTree +-- arr-union@3.1.0
122 silly currentTree +-- array-flatten@1.1.1
122 silly currentTree +-- array-unique@0.3.2
122 silly currentTree +-- arraybuffer.slice@0.0.7
122 silly currentTree +-- assign-symbols@1.0.0
122 silly currentTree +-- async-each@1.0.3
122 silly currentTree +-- async-limiter@1.0.0
122 silly currentTree +-- async@2.6.2
122 silly currentTree +-- atob@2.1.2
122 silly currentTree +-- backo2@1.0.2
122 silly currentTree +-- balanced-match@1.0.0
122 silly currentTree +-- base@0.11.2
122 silly currentTree | +-- define-property@1.0.0
122 silly currentTree | +-- is-accessor-descriptor@1.0.0
122 silly currentTree | +-- is-data-descriptor@1.0.0
122 silly currentTree | `-- is-descriptor@1.0.2
122 silly currentTree +-- base64-arraybuffer@0.1.5
122 silly currentTree +-- base64id@1.0.0
122 silly currentTree +-- basic-auth@2.0.1
122 silly currentTree +-- better-assert@1.0.2
122 silly currentTree +-- binary-extensions@1.13.1
122 silly currentTree +-- blob@0.0.5
122 silly currentTree +-- bluebird@3.5.5
122 silly currentTree +-- body-parser@1.19.0
122 silly currentTree +-- boxen@1.3.0
122 silly currentTree +-- brace-expansion@1.1.11
122 silly currentTree +-- braces@2.3.2
122 silly currentTree | `-- extend-shallow@2.0.1
122 silly currentTree +-- bson@1.1.1
122 silly currentTree +-- buffer-from@1.1.1
122 silly currentTree +-- busboy@0.2.14
122 silly currentTree | +-- isarray@0.0.1
122 silly currentTree | +-- readable-stream@1.1.14
122 silly currentTree | `-- string_decoder@0.10.31
122 silly currentTree +-- bytes@3.1.0
122 silly currentTree +-- cache-base@1.0.1
122 silly currentTree +-- callsite@1.0.0
122 silly currentTree +-- camelcase@4.1.0
122 silly currentTree +-- capture-stack-trace@1.0.1
122 silly currentTree +-- chalk@2.4.2
122 silly currentTree +-- chokidar@2.1.6
122 silly currentTree +-- ci-info@1.6.0
122 silly currentTree +-- class-utils@0.3.6
122 silly currentTree | `-- define-property@0.2.5
122 silly currentTree +-- cli-boxes@1.0.0
122 silly currentTree +-- collection-visit@1.0.0
122 silly currentTree +-- color-convert@1.9.3
122 silly currentTree +-- color-name@1.1.3
122 silly currentTree +-- component-bind@1.0.0
122 silly currentTree +-- component-emitter@1.3.0
122 silly currentTree +-- component-inherit@0.0.3
122 silly currentTree +-- concat-map@0.0.1
122 silly currentTree +-- concat-stream@1.6.2
122 silly currentTree +-- configstore@3.1.2
122 silly currentTree +-- content-disposition@0.5.3
122 silly currentTree +-- content-type@1.0.4
122 silly currentTree +-- cookie-signature@1.0.6
122 silly currentTree +-- cookie@0.4.0
122 silly currentTree +-- copy-descriptor@0.1.1
122 silly currentTree +-- core-util-is@1.0.2
122 silly currentTree +-- create-error-class@3.0.2
122 silly currentTree +-- cross-spawn@5.1.0
122 silly currentTree +-- crypto-random-string@1.0.0
122 silly currentTree +-- debug@2.6.9
122 silly currentTree +-- decode-uri-component@0.2.0
122 silly currentTree +-- deep-extend@0.6.0
122 silly currentTree +-- define-property@2.0.2
122 silly currentTree | +-- is-accessor-descriptor@1.0.0
122 silly currentTree | +-- is-data-descriptor@1.0.0
122 silly currentTree | `-- is-descriptor@1.0.2
122 silly currentTree +-- depd@1.1.2
122 silly currentTree +-- destroy@1.0.4
122 silly currentTree +-- dicer@0.2.5
122 silly currentTree | +-- isarray@0.0.1
122 silly currentTree | +-- readable-stream@1.1.14
122 silly currentTree | `-- string_decoder@0.10.31
122 silly currentTree +-- dot-prop@4.2.0
122 silly currentTree +-- duplexer3@0.1.4
122 silly currentTree +-- ee-first@1.1.1
122 silly currentTree +-- encodeurl@1.0.2
122 silly currentTree +-- engine.io-client@3.3.2
122 silly currentTree | +-- component-emitter@1.2.1
122 silly currentTree | `-- debug@3.1.0
122 silly currentTree +-- engine.io-parser@2.1.3
122 silly currentTree +-- engine.io@3.3.2
122 silly currentTree | +-- cookie@0.3.1
122 silly currentTree | `-- debug@3.1.0
122 silly currentTree +-- escape-html@1.0.3
122 silly currentTree +-- escape-string-regexp@1.0.5
122 silly currentTree +-- etag@1.8.1
122 silly currentTree +-- execa@0.7.0
122 silly currentTree +-- expand-brackets@2.1.4
122 silly currentTree | +-- define-property@0.2.5
122 silly currentTree | `-- extend-shallow@2.0.1
122 silly currentTree +-- express@4.17.1
122 silly currentTree +-- extend-shallow@3.0.2
122 silly currentTree | `-- is-extendable@1.0.1
122 silly currentTree +-- extglob@2.0.4
122 silly currentTree | +-- define-property@1.0.0
122 silly currentTree | +-- extend-shallow@2.0.1
122 silly currentTree | +-- is-accessor-descriptor@1.0.0
122 silly currentTree | +-- is-data-descriptor@1.0.0
122 silly currentTree | `-- is-descriptor@1.0.2
122 silly currentTree +-- fill-range@4.0.0
122 silly currentTree | `-- extend-shallow@2.0.1
122 silly currentTree +-- finalhandler@1.1.2
122 silly currentTree +-- for-in@1.0.2
122 silly currentTree +-- forwarded@0.1.2
122 silly currentTree +-- fragment-cache@0.2.1
122 silly currentTree +-- fresh@0.5.2
122 silly currentTree +-- get-stream@3.0.0
122 silly currentTree +-- get-value@2.0.6
122 silly currentTree +-- glob-parent@3.1.0
122 silly currentTree | `-- is-glob@3.1.0
122 silly currentTree +-- global-dirs@0.1.1
122 silly currentTree +-- got@6.7.1
122 silly currentTree +-- graceful-fs@4.1.15
122 silly currentTree +-- has-binary2@1.0.3
122 silly currentTree | `-- isarray@2.0.1
122 silly currentTree +-- has-cors@1.1.0
122 silly currentTree +-- has-flag@3.0.0
122 silly currentTree +-- has-value@1.0.0
122 silly currentTree +-- has-values@1.0.0
122 silly currentTree | `-- kind-of@4.0.0
122 silly currentTree +-- http-errors@1.7.2
122 silly currentTree +-- iconv-lite@0.4.24
122 silly currentTree +-- ignore-by-default@1.0.1
122 silly currentTree +-- import-lazy@2.1.0
122 silly currentTree +-- imurmurhash@0.1.4
122 silly currentTree +-- indexof@0.0.1
122 silly currentTree +-- inherits@2.0.3
122 silly currentTree +-- ini@1.3.5
122 silly currentTree +-- ipaddr.js@1.9.0
122 silly currentTree +-- is-accessor-descriptor@0.1.6
122 silly currentTree | `-- kind-of@3.2.2
122 silly currentTree +-- is-binary-path@1.0.1
122 silly currentTree +-- is-buffer@1.1.6
122 silly currentTree +-- is-ci@1.2.1
122 silly currentTree +-- is-data-descriptor@0.1.4
122 silly currentTree | `-- kind-of@3.2.2
122 silly currentTree +-- is-descriptor@0.1.6
122 silly currentTree | `-- kind-of@5.1.0
122 silly currentTree +-- is-extendable@0.1.1
122 silly currentTree +-- is-extglob@2.1.1
122 silly currentTree +-- is-fullwidth-code-point@2.0.0
122 silly currentTree +-- is-glob@4.0.1
122 silly currentTree +-- is-installed-globally@0.1.0
122 silly currentTree +-- is-npm@1.0.0
122 silly currentTree +-- is-number@3.0.0
122 silly currentTree | `-- kind-of@3.2.2
122 silly currentTree +-- is-obj@1.0.1
122 silly currentTree +-- is-path-inside@1.0.1
122 silly currentTree +-- is-plain-object@2.0.4
122 silly currentTree +-- is-redirect@1.0.0
122 silly currentTree +-- is-retry-allowed@1.1.0
122 silly currentTree +-- is-stream@1.1.0
122 silly currentTree +-- is-windows@1.0.2
122 silly currentTree +-- isarray@1.0.0
122 silly currentTree +-- isexe@2.0.0
122 silly currentTree +-- isobject@3.0.1
122 silly currentTree +-- kareem@2.3.0
122 silly currentTree +-- kind-of@6.0.2
122 silly currentTree +-- latest-version@3.1.0
122 silly currentTree +-- lodash@4.17.11
122 silly currentTree +-- lowercase-keys@1.0.1
122 silly currentTree +-- lru-cache@4.1.5
122 silly currentTree +-- make-dir@1.3.0
122 silly currentTree +-- map-cache@0.2.2
122 silly currentTree +-- map-visit@1.0.0
122 silly currentTree +-- media-typer@0.3.0
122 silly currentTree +-- memory-pager@1.5.0
122 silly currentTree +-- merge-descriptors@1.0.1
122 silly currentTree +-- methods@1.1.2
122 silly currentTree +-- micromatch@3.1.10
122 silly currentTree +-- mime-db@1.40.0
122 silly currentTree +-- mime-types@2.1.24
122 silly currentTree +-- mime@1.6.0
122 silly currentTree +-- minimatch@3.0.4
122 silly currentTree +-- minimist@1.2.0
122 silly currentTree +-- mixin-deep@1.3.1
122 silly currentTree | `-- is-extendable@1.0.1
122 silly currentTree +-- mkdirp@0.5.1
122 silly currentTree | `-- minimist@0.0.8
122 silly currentTree +-- mongodb-core@3.2.7
122 silly currentTree +-- mongodb@3.2.7
122 silly currentTree +-- mongoose-legacy-pluralize@1.0.2
122 silly currentTree +-- mongoose@5.5.14
122 silly currentTree | `-- ms@2.1.2
122 silly currentTree +-- morgan@1.9.1
122 silly currentTree +-- mpath@0.6.0
122 silly currentTree +-- mquery@3.2.1
122 silly currentTree | +-- bluebird@3.5.1
122 silly currentTree | `-- debug@3.1.0
122 silly currentTree +-- ms@2.0.0
122 silly currentTree +-- multer@1.4.1
122 silly currentTree +-- nanomatch@1.2.13
122 silly currentTree +-- negotiator@0.6.2
122 silly currentTree +-- nodemon@1.19.1
122 silly currentTree | +-- debug@3.2.6
122 silly currentTree | `-- ms@2.1.2
122 silly currentTree +-- nopt@1.0.10
122 silly currentTree +-- normalize-path@3.0.0
122 silly currentTree +-- npm-run-path@2.0.2
122 silly currentTree +-- object-assign@4.1.1
122 silly currentTree +-- object-component@0.0.3
122 silly currentTree +-- object-copy@0.1.0
122 silly currentTree | +-- define-property@0.2.5
122 silly currentTree | `-- kind-of@3.2.2
122 silly currentTree +-- object-visit@1.0.1
122 silly currentTree +-- object.pick@1.3.0
122 silly currentTree +-- on-finished@2.3.0
122 silly currentTree +-- on-headers@1.0.2
122 silly currentTree +-- p-finally@1.0.0
122 silly currentTree +-- package-json@4.0.1
122 silly currentTree +-- parseqs@0.0.5
122 silly currentTree +-- parseuri@0.0.5
122 silly currentTree +-- parseurl@1.3.3
122 silly currentTree +-- pascalcase@0.1.1
122 silly currentTree +-- path-dirname@1.0.2
122 silly currentTree +-- path-is-absolute@1.0.1
122 silly currentTree +-- path-is-inside@1.0.2
122 silly currentTree +-- path-key@2.0.1
122 silly currentTree +-- path-to-regexp@0.1.7
122 silly currentTree +-- pify@3.0.0
122 silly currentTree +-- posix-character-classes@0.1.1
122 silly currentTree +-- prepend-http@1.0.4
122 silly currentTree +-- process-nextick-args@2.0.0
122 silly currentTree +-- proxy-addr@2.0.5
122 silly currentTree +-- pseudomap@1.0.2
122 silly currentTree +-- pstree.remy@1.1.7
122 silly currentTree +-- qs@6.7.0
122 silly currentTree +-- range-parser@1.2.1
122 silly currentTree +-- raw-body@2.4.0
122 silly currentTree +-- rc@1.2.8
122 silly currentTree +-- readable-stream@2.3.6
122 silly currentTree +-- readdirp@2.2.1
122 silly currentTree +-- regex-not@1.0.2
122 silly currentTree +-- regexp-clone@1.0.0
122 silly currentTree +-- registry-auth-token@3.4.0
122 silly currentTree +-- registry-url@3.1.0
122 silly currentTree +-- remove-trailing-separator@1.1.0
122 silly currentTree +-- repeat-element@1.1.3
122 silly currentTree +-- repeat-string@1.6.1
122 silly currentTree +-- require_optional@1.0.1
122 silly currentTree +-- resolve-from@2.0.0
122 silly currentTree +-- resolve-url@0.2.1
122 silly currentTree +-- ret@0.1.15
122 silly currentTree +-- safe-buffer@5.1.2
122 silly currentTree +-- safe-regex@1.1.0
122 silly currentTree +-- safer-buffer@2.1.2
122 silly currentTree +-- saslprep@1.0.3
122 silly currentTree +-- semver-diff@2.1.0
122 silly currentTree +-- semver@5.7.0
122 silly currentTree +-- send@0.17.1
122 silly currentTree | `-- ms@2.1.1
122 silly currentTree +-- serve-static@1.14.1
122 silly currentTree +-- set-value@2.0.0
122 silly currentTree | `-- extend-shallow@2.0.1
122 silly currentTree +-- setprototypeof@1.1.1
122 silly currentTree +-- shebang-command@1.2.0
122 silly currentTree +-- shebang-regex@1.0.0
122 silly currentTree +-- sift@7.0.1
122 silly currentTree +-- signal-exit@3.0.2
122 silly currentTree +-- sliced@1.0.1
122 silly currentTree +-- snapdragon-node@2.1.1
122 silly currentTree | +-- define-property@1.0.0
122 silly currentTree | +-- is-accessor-descriptor@1.0.0
122 silly currentTree | +-- is-data-descriptor@1.0.0
122 silly currentTree | `-- is-descriptor@1.0.2
122 silly currentTree +-- snapdragon-util@3.0.1
122 silly currentTree | `-- kind-of@3.2.2
122 silly currentTree +-- snapdragon@0.8.2
122 silly currentTree | +-- define-property@0.2.5
122 silly currentTree | `-- extend-shallow@2.0.1
122 silly currentTree +-- socket.io-adapter@1.1.1
122 silly currentTree +-- socket.io-client@2.2.0
122 silly currentTree | +-- component-emitter@1.2.1
122 silly currentTree | `-- debug@3.1.0
122 silly currentTree +-- socket.io-parser@3.3.0
122 silly currentTree | +-- component-emitter@1.2.1
122 silly currentTree | +-- debug@3.1.0
122 silly currentTree | `-- isarray@2.0.1
122 silly currentTree +-- socket.io@2.2.0
122 silly currentTree | +-- debug@4.1.1
122 silly currentTree | `-- ms@2.1.2
122 silly currentTree +-- source-map-resolve@0.5.2
122 silly currentTree +-- source-map-url@0.4.0
122 silly currentTree +-- source-map@0.5.7
122 silly currentTree +-- sparse-bitfield@3.0.3
122 silly currentTree +-- split-string@3.1.0
122 silly currentTree +-- static-extend@0.1.2
122 silly currentTree | `-- define-property@0.2.5
122 silly currentTree +-- statuses@1.5.0
122 silly currentTree +-- streamsearch@0.1.2
122 silly currentTree +-- string_decoder@1.1.1
122 silly currentTree +-- string-width@2.1.1
122 silly currentTree +-- strip-ansi@4.0.0
122 silly currentTree +-- strip-eof@1.0.0
122 silly currentTree +-- strip-json-comments@2.0.1
122 silly currentTree +-- supports-color@5.5.0
122 silly currentTree +-- term-size@1.2.0
122 silly currentTree +-- timed-out@4.0.1
122 silly currentTree +-- to-array@0.1.4
122 silly currentTree +-- to-object-path@0.3.0
122 silly currentTree | `-- kind-of@3.2.2
122 silly currentTree +-- to-regex-range@2.1.1
122 silly currentTree +-- to-regex@3.0.2
122 silly currentTree +-- toidentifier@1.0.0
122 silly currentTree +-- touch@3.1.0
122 silly currentTree +-- type-is@1.6.18
122 silly currentTree +-- typedarray@0.0.6
122 silly currentTree +-- undefsafe@2.0.2
122 silly currentTree +-- union-value@1.0.0
122 silly currentTree | +-- extend-shallow@2.0.1
122 silly currentTree | `-- set-value@0.4.3
122 silly currentTree +-- unique-string@1.0.0
122 silly currentTree +-- unpipe@1.0.0
122 silly currentTree +-- unset-value@1.0.0
122 silly currentTree | +-- has-value@0.3.1
122 silly currentTree | | `-- isobject@2.1.0
122 silly currentTree | `-- has-values@0.1.4
122 silly currentTree +-- unzip-response@2.0.1
122 silly currentTree +-- upath@1.1.2
122 silly currentTree +-- update-notifier@2.5.0
122 silly currentTree +-- urix@0.1.0
122 silly currentTree +-- url-parse-lax@1.0.0
122 silly currentTree +-- use@3.1.1
122 silly currentTree +-- util-deprecate@1.0.2
122 silly currentTree +-- utils-merge@1.0.1
122 silly currentTree +-- vary@1.1.2
122 silly currentTree +-- which@1.3.1
122 silly currentTree +-- widest-line@2.0.1
122 silly currentTree +-- write-file-atomic@2.4.3
122 silly currentTree +-- ws@6.1.4
122 silly currentTree +-- xdg-basedir@3.0.0
122 silly currentTree +-- xmlhttprequest-ssl@1.5.5
122 silly currentTree +-- xtend@4.0.1
122 silly currentTree +-- yallist@2.1.2
122 silly currentTree `-- yeast@0.1.2
123 silly idealTree car@1.0.0
123 silly idealTree +-- abbrev@1.1.1
123 silly idealTree +-- accepts@1.3.7
123 silly idealTree +-- after@0.8.2
123 silly idealTree +-- ansi-align@2.0.0
123 silly idealTree +-- ansi-regex@3.0.0
123 silly idealTree +-- ansi-styles@3.2.1
123 silly idealTree +-- anymatch@2.0.0
123 silly idealTree | `-- normalize-path@2.1.1
123 silly idealTree +-- append-field@1.0.0
123 silly idealTree +-- arr-diff@4.0.0
123 silly idealTree +-- arr-flatten@1.1.0
123 silly idealTree +-- arr-union@3.1.0
123 silly idealTree +-- array-flatten@1.1.1
123 silly idealTree +-- array-unique@0.3.2
123 silly idealTree +-- arraybuffer.slice@0.0.7
123 silly idealTree +-- assign-symbols@1.0.0
123 silly idealTree +-- async-each@1.0.3
123 silly idealTree +-- async-limiter@1.0.0
123 silly idealTree +-- async@2.6.2
123 silly idealTree +-- atob@2.1.2
123 silly idealTree +-- backo2@1.0.2
123 silly idealTree +-- balanced-match@1.0.0
123 silly idealTree +-- base@0.11.2
123 silly idealTree | +-- define-property@1.0.0
123 silly idealTree | +-- is-accessor-descriptor@1.0.0
123 silly idealTree | +-- is-data-descriptor@1.0.0
123 silly idealTree | `-- is-descriptor@1.0.2
123 silly idealTree +-- base64-arraybuffer@0.1.5
123 silly idealTree +-- base64id@1.0.0
123 silly idealTree +-- basic-auth@2.0.1
123 silly idealTree +-- better-assert@1.0.2
123 silly idealTree +-- binary-extensions@1.13.1
123 silly idealTree +-- blob@0.0.5
123 silly idealTree +-- bluebird@3.5.5
123 silly idealTree +-- body-parser@1.19.0
123 silly idealTree +-- boxen@1.3.0
123 silly idealTree +-- brace-expansion@1.1.11
123 silly idealTree +-- braces@2.3.2
123 silly idealTree | `-- extend-shallow@2.0.1
123 silly idealTree +-- bson@1.1.1
123 silly idealTree +-- buffer-from@1.1.1
123 silly idealTree +-- busboy@0.2.14
123 silly idealTree | +-- isarray@0.0.1
123 silly idealTree | +-- readable-stream@1.1.14
123 silly idealTree | `-- string_decoder@0.10.31
123 silly idealTree +-- bytes@3.1.0
123 silly idealTree +-- cache-base@1.0.1
123 silly idealTree +-- callsite@1.0.0
123 silly idealTree +-- camelcase@4.1.0
123 silly idealTree +-- capture-stack-trace@1.0.1
123 silly idealTree +-- chalk@2.4.2
123 silly idealTree +-- chokidar@2.1.6
123 silly idealTree +-- ci-info@1.6.0
123 silly idealTree +-- class-utils@0.3.6
123 silly idealTree | `-- define-property@0.2.5
123 silly idealTree +-- cli-boxes@1.0.0
123 silly idealTree +-- cloudinary@1.14.0
123 silly idealTree +-- collection-visit@1.0.0
123 silly idealTree +-- color-convert@1.9.3
123 silly idealTree +-- color-name@1.1.3
123 silly idealTree +-- component-bind@1.0.0
123 silly idealTree +-- component-emitter@1.3.0
123 silly idealTree +-- component-inherit@0.0.3
123 silly idealTree +-- concat-map@0.0.1
123 silly idealTree +-- concat-stream@1.6.2
123 silly idealTree +-- configstore@3.1.2
123 silly idealTree +-- content-disposition@0.5.3
123 silly idealTree +-- content-type@1.0.4
123 silly idealTree +-- cookie-signature@1.0.6
123 silly idealTree +-- cookie@0.4.0
123 silly idealTree +-- copy-descriptor@0.1.1
123 silly idealTree +-- core-util-is@1.0.2
123 silly idealTree +-- create-error-class@3.0.2
123 silly idealTree +-- cross-spawn@5.1.0
123 silly idealTree +-- crypto-random-string@1.0.0
123 silly idealTree +-- debug@2.6.9
123 silly idealTree +-- decode-uri-component@0.2.0
123 silly idealTree +-- deep-extend@0.6.0
123 silly idealTree +-- define-property@2.0.2
123 silly idealTree | +-- is-accessor-descriptor@1.0.0
123 silly idealTree | +-- is-data-descriptor@1.0.0
123 silly idealTree | `-- is-descriptor@1.0.2
123 silly idealTree +-- depd@1.1.2
123 silly idealTree +-- destroy@1.0.4
123 silly idealTree +-- dicer@0.2.5
123 silly idealTree | +-- isarray@0.0.1
123 silly idealTree | +-- readable-stream@1.1.14
123 silly idealTree | `-- string_decoder@0.10.31
123 silly idealTree +-- dot-prop@4.2.0
123 silly idealTree +-- duplexer3@0.1.4
123 silly idealTree +-- ee-first@1.1.1
123 silly idealTree +-- encodeurl@1.0.2
123 silly idealTree +-- engine.io-client@3.3.2
123 silly idealTree | +-- component-emitter@1.2.1
123 silly idealTree | `-- debug@3.1.0
123 silly idealTree +-- engine.io-parser@2.1.3
123 silly idealTree +-- engine.io@3.3.2
123 silly idealTree | +-- cookie@0.3.1
123 silly idealTree | `-- debug@3.1.0
123 silly idealTree +-- escape-html@1.0.3
123 silly idealTree +-- escape-string-regexp@1.0.5
123 silly idealTree +-- etag@1.8.1
123 silly idealTree +-- execa@0.7.0
123 silly idealTree +-- expand-brackets@2.1.4
123 silly idealTree | +-- define-property@0.2.5
123 silly idealTree | `-- extend-shallow@2.0.1
123 silly idealTree +-- express@4.17.1
123 silly idealTree +-- extend-shallow@3.0.2
123 silly idealTree | `-- is-extendable@1.0.1
123 silly idealTree +-- extglob@2.0.4
123 silly idealTree | +-- define-property@1.0.0
123 silly idealTree | +-- extend-shallow@2.0.1
123 silly idealTree | +-- is-accessor-descriptor@1.0.0
123 silly idealTree | +-- is-data-descriptor@1.0.0
123 silly idealTree | `-- is-descriptor@1.0.2
123 silly idealTree +-- fill-range@4.0.0
123 silly idealTree | `-- extend-shallow@2.0.1
123 silly idealTree +-- finalhandler@1.1.2
123 silly idealTree +-- for-in@1.0.2
123 silly idealTree +-- forwarded@0.1.2
123 silly idealTree +-- fragment-cache@0.2.1
123 silly idealTree +-- fresh@0.5.2
123 silly idealTree +-- get-stream@3.0.0
123 silly idealTree +-- get-value@2.0.6
123 silly idealTree +-- glob-parent@3.1.0
123 silly idealTree | `-- is-glob@3.1.0
123 silly idealTree +-- global-dirs@0.1.1
123 silly idealTree +-- got@6.7.1
123 silly idealTree +-- graceful-fs@4.1.15
123 silly idealTree +-- has-binary2@1.0.3
123 silly idealTree | `-- isarray@2.0.1
123 silly idealTree +-- has-cors@1.1.0
123 silly idealTree +-- has-flag@3.0.0
123 silly idealTree +-- has-value@1.0.0
123 silly idealTree +-- has-values@1.0.0
123 silly idealTree | `-- kind-of@4.0.0
123 silly idealTree +-- http-errors@1.7.2
123 silly idealTree +-- iconv-lite@0.4.24
123 silly idealTree +-- ignore-by-default@1.0.1
123 silly idealTree +-- import-lazy@2.1.0
123 silly idealTree +-- imurmurhash@0.1.4
123 silly idealTree +-- indexof@0.0.1
123 silly idealTree +-- inherits@2.0.3
123 silly idealTree +-- ini@1.3.5
123 silly idealTree +-- ipaddr.js@1.9.0
123 silly idealTree +-- is-accessor-descriptor@0.1.6
123 silly idealTree | `-- kind-of@3.2.2
123 silly idealTree +-- is-binary-path@1.0.1
123 silly idealTree +-- is-buffer@1.1.6
123 silly idealTree +-- is-ci@1.2.1
123 silly idealTree +-- is-data-descriptor@0.1.4
123 silly idealTree | `-- kind-of@3.2.2
123 silly idealTree +-- is-descriptor@0.1.6
123 silly idealTree | `-- kind-of@5.1.0
123 silly idealTree +-- is-extendable@0.1.1
123 silly idealTree +-- is-extglob@2.1.1
123 silly idealTree +-- is-fullwidth-code-point@2.0.0
123 silly idealTree +-- is-glob@4.0.1
123 silly idealTree +-- is-installed-globally@0.1.0
123 silly idealTree +-- is-npm@1.0.0
123 silly idealTree +-- is-number@3.0.0
123 silly idealTree | `-- kind-of@3.2.2
123 silly idealTree +-- is-obj@1.0.1
123 silly idealTree +-- is-path-inside@1.0.1
123 silly idealTree +-- is-plain-object@2.0.4
123 silly idealTree +-- is-redirect@1.0.0
123 silly idealTree +-- is-retry-allowed@1.1.0
123 silly idealTree +-- is-stream@1.1.0
123 silly idealTree +-- is-windows@1.0.2
123 silly idealTree +-- isarray@1.0.0
123 silly idealTree +-- isexe@2.0.0
123 silly idealTree +-- isobject@3.0.1
123 silly idealTree +-- kareem@2.3.0
123 silly idealTree +-- kind-of@6.0.2
123 silly idealTree +-- latest-version@3.1.0
123 silly idealTree +-- lodash@4.17.11
123 silly idealTree +-- lowercase-keys@1.0.1
123 silly idealTree +-- lru-cache@4.1.5
123 silly idealTree +-- make-dir@1.3.0
123 silly idealTree +-- map-cache@0.2.2
123 silly idealTree +-- map-visit@1.0.0
123 silly idealTree +-- media-typer@0.3.0
123 silly idealTree +-- memory-pager@1.5.0
123 silly idealTree +-- merge-descriptors@1.0.1
123 silly idealTree +-- methods@1.1.2
123 silly idealTree +-- micromatch@3.1.10
123 silly idealTree +-- mime-db@1.40.0
123 silly idealTree +-- mime-types@2.1.24
123 silly idealTree +-- mime@1.6.0
123 silly idealTree +-- minimatch@3.0.4
123 silly idealTree +-- minimist@1.2.0
123 silly idealTree +-- mixin-deep@1.3.1
123 silly idealTree | `-- is-extendable@1.0.1
123 silly idealTree +-- mkdirp@0.5.1
123 silly idealTree | `-- minimist@0.0.8
123 silly idealTree +-- mongodb-core@3.2.7
123 silly idealTree +-- mongodb@3.2.7
123 silly idealTree +-- mongoose-legacy-pluralize@1.0.2
123 silly idealTree +-- mongoose@5.5.14
123 silly idealTree | `-- ms@2.1.2
123 silly idealTree +-- morgan@1.9.1
123 silly idealTree +-- mpath@0.6.0
123 silly idealTree +-- mquery@3.2.1
123 silly idealTree | +-- bluebird@3.5.1
123 silly idealTree | `-- debug@3.1.0
123 silly idealTree +-- ms@2.0.0
123 silly idealTree +-- multer@1.4.1
123 silly idealTree +-- nanomatch@1.2.13
123 silly idealTree +-- negotiator@0.6.2
123 silly idealTree +-- nodemon@1.19.1
123 silly idealTree | +-- debug@3.2.6
123 silly idealTree | `-- ms@2.1.2
123 silly idealTree +-- nopt@1.0.10
123 silly idealTree +-- normalize-path@3.0.0
123 silly idealTree +-- npm-run-path@2.0.2
123 silly idealTree +-- object-assign@4.1.1
123 silly idealTree +-- object-component@0.0.3
123 silly idealTree +-- object-copy@0.1.0
123 silly idealTree | +-- define-property@0.2.5
123 silly idealTree | `-- kind-of@3.2.2
123 silly idealTree +-- object-visit@1.0.1
123 silly idealTree +-- object.pick@1.3.0
123 silly idealTree +-- on-finished@2.3.0
123 silly idealTree +-- on-headers@1.0.2
123 silly idealTree +-- p-finally@1.0.0
123 silly idealTree +-- package-json@4.0.1
123 silly idealTree +-- parseqs@0.0.5
123 silly idealTree +-- parseuri@0.0.5
123 silly idealTree +-- parseurl@1.3.3
123 silly idealTree +-- pascalcase@0.1.1
123 silly idealTree +-- path-dirname@1.0.2
123 silly idealTree +-- path-is-absolute@1.0.1
123 silly idealTree +-- path-is-inside@1.0.2
123 silly idealTree +-- path-key@2.0.1
123 silly idealTree +-- path-to-regexp@0.1.7
123 silly idealTree +-- pify@3.0.0
123 silly idealTree +-- posix-character-classes@0.1.1
123 silly idealTree +-- prepend-http@1.0.4
123 silly idealTree +-- process-nextick-args@2.0.0
123 silly idealTree +-- proxy-addr@2.0.5
123 silly idealTree +-- pseudomap@1.0.2
123 silly idealTree +-- pstree.remy@1.1.7
123 silly idealTree +-- q@1.5.1
123 silly idealTree +-- qs@6.7.0
123 silly idealTree +-- range-parser@1.2.1
123 silly idealTree +-- raw-body@2.4.0
123 silly idealTree +-- rc@1.2.8
123 silly idealTree +-- readable-stream@2.3.6
123 silly idealTree +-- readdirp@2.2.1
123 silly idealTree +-- regex-not@1.0.2
123 silly idealTree +-- regexp-clone@1.0.0
123 silly idealTree +-- registry-auth-token@3.4.0
123 silly idealTree +-- registry-url@3.1.0
123 silly idealTree +-- remove-trailing-separator@1.1.0
123 silly idealTree +-- repeat-element@1.1.3
123 silly idealTree +-- repeat-string@1.6.1
123 silly idealTree +-- require_optional@1.0.1
123 silly idealTree +-- resolve-from@2.0.0
123 silly idealTree +-- resolve-url@0.2.1
123 silly idealTree +-- ret@0.1.15
123 silly idealTree +-- safe-buffer@5.1.2
123 silly idealTree +-- safe-regex@1.1.0
123 silly idealTree +-- safer-buffer@2.1.2
123 silly idealTree +-- saslprep@1.0.3
123 silly idealTree +-- semver-diff@2.1.0
123 silly idealTree +-- semver@5.7.0
123 silly idealTree +-- send@0.17.1
123 silly idealTree | `-- ms@2.1.1
123 silly idealTree +-- serve-static@1.14.1
123 silly idealTree +-- set-value@2.0.0
123 silly idealTree | `-- extend-shallow@2.0.1
123 silly idealTree +-- setprototypeof@1.1.1
123 silly idealTree +-- shebang-command@1.2.0
123 silly idealTree +-- shebang-regex@1.0.0
123 silly idealTree +-- sift@7.0.1
123 silly idealTree +-- signal-exit@3.0.2
123 silly idealTree +-- sliced@1.0.1
123 silly idealTree +-- snapdragon-node@2.1.1
123 silly idealTree | +-- define-property@1.0.0
123 silly idealTree | +-- is-accessor-descriptor@1.0.0
123 silly idealTree | +-- is-data-descriptor@1.0.0
123 silly idealTree | `-- is-descriptor@1.0.2
123 silly idealTree +-- snapdragon-util@3.0.1
123 silly idealTree | `-- kind-of@3.2.2
123 silly idealTree +-- snapdragon@0.8.2
123 silly idealTree | +-- define-property@0.2.5
123 silly idealTree | `-- extend-shallow@2.0.1
123 silly idealTree +-- socket.io-adapter@1.1.1
123 silly idealTree +-- socket.io-client@2.2.0
123 silly idealTree | +-- component-emitter@1.2.1
123 silly idealTree | `-- debug@3.1.0
123 silly idealTree +-- socket.io-parser@3.3.0
123 silly idealTree | +-- component-emitter@1.2.1
123 silly idealTree | +-- debug@3.1.0
123 silly idealTree | `-- isarray@2.0.1
123 silly idealTree +-- socket.io@2.2.0
123 silly idealTree | +-- debug@4.1.1
123 silly idealTree | `-- ms@2.1.2
123 silly idealTree +-- source-map-resolve@0.5.2
123 silly idealTree +-- source-map-url@0.4.0
123 silly idealTree +-- source-map@0.5.7
123 silly idealTree +-- sparse-bitfield@3.0.3
123 silly idealTree +-- split-string@3.1.0
123 silly idealTree +-- static-extend@0.1.2
123 silly idealTree | `-- define-property@0.2.5
123 silly idealTree +-- statuses@1.5.0
123 silly idealTree +-- streamsearch@0.1.2
123 silly idealTree +-- string_decoder@1.1.1
123 silly idealTree +-- string-width@2.1.1
123 silly idealTree +-- strip-ansi@4.0.0
123 silly idealTree +-- strip-eof@1.0.0
123 silly idealTree +-- strip-json-comments@2.0.1
123 silly idealTree +-- supports-color@5.5.0
123 silly idealTree +-- term-size@1.2.0
123 silly idealTree +-- timed-out@4.0.1
123 silly idealTree +-- to-array@0.1.4
123 silly idealTree +-- to-object-path@0.3.0
123 silly idealTree | `-- kind-of@3.2.2
123 silly idealTree +-- to-regex-range@2.1.1
123 silly idealTree +-- to-regex@3.0.2
123 silly idealTree +-- toidentifier@1.0.0
123 silly idealTree +-- touch@3.1.0
123 silly idealTree +-- type-is@1.6.18
123 silly idealTree +-- typedarray@0.0.6
123 silly idealTree +-- undefsafe@2.0.2
123 silly idealTree +-- union-value@1.0.0
123 silly idealTree | +-- extend-shallow@2.0.1
123 silly idealTree | `-- set-value@0.4.3
123 silly idealTree +-- unique-string@1.0.0
123 silly idealTree +-- unpipe@1.0.0
123 silly idealTree +-- unset-value@1.0.0
123 silly idealTree | +-- has-value@0.3.1
123 silly idealTree | | `-- isobject@2.1.0
123 silly idealTree | `-- has-values@0.1.4
123 silly idealTree +-- unzip-response@2.0.1
123 silly idealTree +-- upath@1.1.2
123 silly idealTree +-- update-notifier@2.5.0
123 silly idealTree +-- urix@0.1.0
123 silly idealTree +-- url-parse-lax@1.0.0
123 silly idealTree +-- use@3.1.1
123 silly idealTree +-- util-deprecate@1.0.2
123 silly idealTree +-- utils-merge@1.0.1
123 silly idealTree +-- vary@1.1.2
123 silly idealTree +-- which@1.3.1
123 silly idealTree +-- widest-line@2.0.1
123 silly idealTree +-- write-file-atomic@2.4.3
123 silly idealTree +-- ws@6.1.4
123 silly idealTree +-- xdg-basedir@3.0.0
123 silly idealTree +-- xmlhttprequest-ssl@1.5.5
123 silly idealTree +-- xtend@4.0.1
123 silly idealTree +-- yallist@2.1.2
123 silly idealTree `-- yeast@0.1.2
124 silly generateActionsToTake Starting
125 silly install generateActionsToTake
126 warn checkPermissions Missing write access to /home/utkarsh/Desktop/car/node_modules
127 silly rollbackFailedOptional Starting
128 silly rollbackFailedOptional Finishing
129 silly runTopLevelLifecycles Starting
130 silly runTopLevelLifecycles Finishing
131 silly install printInstalled
132 warn optional Skipping failed optional dependency /chokidar/fsevents:
133 warn notsup Not compatible with your operating system or architecture: fsevents@1.2.9
134 warn car@1.0.0 No description
135 warn car@1.0.0 No repository field.
136 verbose stack Error: EACCES: permission denied, access '/home/utkarsh/Desktop/car/node_modules'
137 verbose cwd /home/utkarsh/Desktop/car/models
138 error Linux 4.15.0-50-generic
139 error argv "/usr/bin/node" "/usr/bin/npm" "install" "cloudinary"
140 error node v8.10.0
141 error npm  v3.5.2
142 error path /home/utkarsh/Desktop/car/node_modules
143 error code EACCES
144 error errno -13
145 error syscall access
146 error Error: EACCES: permission denied, access '/home/utkarsh/Desktop/car/node_modules'
146 error  { Error: EACCES: permission denied, access '/home/utkarsh/Desktop/car/node_modules'
146 error   errno: -13,
146 error   code: 'EACCES',
146 error   syscall: 'access',
146 error   path: '/home/utkarsh/Desktop/car/node_modules' }
147 error Please try running this command again as root/Administrator.
148 verbose exit [ -13, true ]
